0 info it worked if it ends with ok
1 verbose cli [ '/usr/local/Cellar/node/5.7.0/bin/node',
1 verbose cli   '/usr/local/bin/npm',
1 verbose cli   'start' ]
2 info using npm@3.6.0
3 info using node@v5.7.0
4 verbose run-script [ 'prestart', 'start', 'poststart' ]
5 info lifecycle botkit-starter-slack@0.0.2~prestart: botkit-starter-slack@0.0.2
6 silly lifecycle botkit-starter-slack@0.0.2~prestart: no script for prestart, continuing
7 info lifecycle botkit-starter-slack@0.0.2~start: botkit-starter-slack@0.0.2
8 verbose lifecycle botkit-starter-slack@0.0.2~start: unsafe-perm in lifecycle true
9 verbose lifecycle botkit-starter-slack@0.0.2~start: PATH: /usr/local/lib/node_modules/npm/bin/node-gyp-bin:/Users/ang/Desktop/app/node_modules/.bin:/usr/local/bin:/usr/bin:/bin:/usr/sbin:/sbin
10 verbose lifecycle botkit-starter-slack@0.0.2~start: CWD: /Users/ang/Desktop/app
11 silly lifecycle botkit-starter-slack@0.0.2~start: Args: [ '-c', 'node bot.js' ]
12 silly lifecycle botkit-starter-slack@0.0.2~start: Returned: code: 1  signal: null
13 info lifecycle botkit-starter-slack@0.0.2~start: Failed to exec start script
14 verbose stack Error: botkit-starter-slack@0.0.2 start: `node bot.js`
14 verbose stack Exit status 1
14 verbose stack     at EventEmitter.<anonymous> (/usr/local/lib/node_modules/npm/lib/utils/lifecycle.js:232:16)
14 verbose stack     at emitTwo (events.js:100:13)
14 verbose stack     at EventEmitter.emit (events.js:185:7)
14 verbose stack     at ChildProcess.<anonymous> (/usr/local/lib/node_modules/npm/lib/utils/spawn.js:24:14)
14 verbose stack     at emitTwo (events.js:100:13)
14 verbose stack     at ChildProcess.emit (events.js:185:7)
14 verbose stack     at maybeClose (internal/child_process.js:827:16)
14 verbose stack     at Process.ChildProcess._handle.onexit (internal/child_process.js:211:5)
15 verbose pkgid botkit-starter-slack@0.0.2
16 verbose cwd /Users/ang/Desktop/app
17 error Darwin 15.6.0
18 error argv "/usr/local/Cellar/node/5.7.0/bin/node" "/usr/local/bin/npm" "start"
19 error node v5.7.0
20 error npm  v3.6.0
21 error code ELIFECYCLE
22 error botkit-starter-slack@0.0.2 start: `node bot.js`
22 error Exit status 1
23 error Failed at the botkit-starter-slack@0.0.2 start script 'node bot.js'.
23 error Make sure you have the latest version of node.js and npm installed.
23 error If you do, this is most likely a problem with the botkit-starter-slack package,
23 error not with npm itself.
23 error Tell the author that this fails on your system:
23 error     node bot.js
23 error You can get information on how to open an issue for this project with:
23 error     npm bugs botkit-starter-slack
23 error Or if that isn't available, you can get their info via:
23 error     npm owner ls botkit-starter-slack
23 error There is likely additional logging output above.
24 verbose exit [ 1, true ]
